{"level":"INFO","timestamp":"2019-05-15 16:58:43.342","file":"apiserver/main.go:60","msg":"Start to listening the incoming requests on http address: :8080"}
{"level":"INFO","timestamp":"2019-05-15 16:58:43.346","file":"apiserver/main.go:57","msg":"The router has been deployed successfully."}
{"level":"INFO","timestamp":"2019-05-15 17:06:31.986","file":"config/config.go:71","msg":"Config file changed: /Users/renchao/mygo/src/apiserver/conf/config.yaml"}
{"level":"INFO","timestamp":"2019-05-15 17:07:07.216","file":"apiserver/main.go:65","msg":"Start to listening the incoming requests on http address: :8080"}
{"level":"INFO","timestamp":"2019-05-15 17:07:07.217","file":"apiserver/main.go:62","msg":"The router has been deployed successfully."}
{"level":"INFO","timestamp":"2019-05-15 17:12:24.808","file":"apiserver/main.go:65","msg":"Start to listening the incoming requests on http address: :8080"}
{"level":"INFO","timestamp":"2019-05-15 17:12:24.809","file":"apiserver/main.go:62","msg":"The router has been deployed successfully."}
{"level":"DEBUG","timestamp":"2019-05-15 17:13:11.888","file":"user/create.go:26","msg":"username is: [admin], password is []"}
{"level":"INFO","timestamp":"2019-05-15 17:32:56.164","file":"apiserver/main.go:65","msg":"Start to listening the incoming requests on http address: :8080"}
{"level":"INFO","timestamp":"2019-05-15 17:32:56.165","file":"apiserver/main.go:79","msg":"Waiting for the router, retry in 1 second."}
{"level":"INFO","timestamp":"2019-05-15 17:32:57.168","file":"apiserver/main.go:62","msg":"The router has been deployed successfully."}
{"level":"INFO","timestamp":"2019-05-15 17:34:06.546","file":"user/create.go:16","msg":"User Create function called.","data":{"X-Request-Id":""}}
{"level":"INFO","timestamp":"2019-05-17 14:48:53.215","file":"apiserver/main.go:69","msg":"Start to listening the incoming requests on http address: :8080"}
{"level":"INFO","timestamp":"2019-05-17 14:48:53.218","file":"apiserver/main.go:83","msg":"Waiting for the router, retry in 1 second."}
{"level":"INFO","timestamp":"2019-05-17 14:48:54.221","file":"apiserver/main.go:66","msg":"The router has been deployed successfully."}
{"level":"INFO","timestamp":"2019-05-17 16:06:22.002","file":"apiserver/main.go:69","msg":"Start to listening the incoming requests on http address: :8080"}
{"level":"INFO","timestamp":"2019-05-17 16:06:22.002","file":"apiserver/main.go:83","msg":"Waiting for the router, retry in 1 second."}
{"level":"INFO","timestamp":"2019-05-17 16:06:23.005","file":"apiserver/main.go:66","msg":"The router has been deployed successfully."}
{"level":"INFO","timestamp":"2019-05-17 16:15:28.525","file":"apiserver/main.go:69","msg":"Start to listening the incoming requests on http address: :8080"}
{"level":"INFO","timestamp":"2019-05-17 16:15:28.534","file":"apiserver/main.go:66","msg":"The router has been deployed successfully."}
{"level":"INFO","timestamp":"2019-05-17 16:30:45.834","file":"apiserver/main.go:69","msg":"Start to listening the incoming requests on http address: :8080"}
{"level":"INFO","timestamp":"2019-05-17 16:30:45.840","file":"apiserver/main.go:66","msg":"The router has been deployed successfully."}
{"level":"ERROR","timestamp":"2019-05-18 11:15:23.731","file":"model/init.go:32","msg":"Database connection failed. Database name: db_apiserver","data":{"error":"dial tcp 127.0.0.1:3306: connect: connection refused"}}
{"level":"ERROR","timestamp":"2019-05-18 11:15:23.732","file":"model/init.go:32","msg":"Database connection failed. Database name: db_apiserver","data":{"error":"dial tcp 127.0.0.1:3306: connect: connection refused"}}
{"level":"INFO","timestamp":"2019-05-18 11:15:23.732","file":"apiserver/main.go:69","msg":"Start to listening the incoming requests on http address: :8080"}
{"level":"INFO","timestamp":"2019-05-18 11:15:23.732","file":"apiserver/main.go:66","msg":"The router has been deployed successfully."}
{"level":"ERROR","timestamp":"2019-05-18 11:32:10.149","file":"model/init.go:32","msg":"Database connection failed. Database name: db_apiserver","data":{"error":"dial tcp 127.0.0.1:3306: connect: connection refused"}}
{"level":"ERROR","timestamp":"2019-05-18 11:32:10.150","file":"model/init.go:32","msg":"Database connection failed. Database name: db_apiserver","data":{"error":"dial tcp 127.0.0.1:3306: connect: connection refused"}}
{"level":"INFO","timestamp":"2019-05-18 11:32:10.150","file":"apiserver/main.go:69","msg":"Start to listening the incoming requests on http address: :8080"}
{"level":"INFO","timestamp":"2019-05-18 11:32:10.150","file":"apiserver/main.go:66","msg":"The router has been deployed successfully."}
{"level":"ERROR","timestamp":"2019-05-18 11:33:38.509","file":"model/init.go:32","msg":"Database connection failed. Database name: db_apiserver","data":{"error":"dial tcp 127.0.0.1:3306: connect: connection refused"}}
{"level":"ERROR","timestamp":"2019-05-18 11:33:38.509","file":"model/init.go:32","msg":"Database connection failed. Database name: db_apiserver","data":{"error":"dial tcp 127.0.0.1:3306: connect: connection refused"}}
{"level":"INFO","timestamp":"2019-05-18 11:33:38.509","file":"apiserver/main.go:69","msg":"Start to listening the incoming requests on http address: :8080"}
{"level":"INFO","timestamp":"2019-05-18 11:33:38.509","file":"apiserver/main.go:66","msg":"The router has been deployed successfully."}
{"level":"ERROR","timestamp":"2019-05-18 11:36:11.487","file":"model/init.go:32","msg":"Database connection failed. Database name: db_apiserver","data":{"error":"dial tcp 127.0.0.1:3306: connect: connection refused"}}
{"level":"ERROR","timestamp":"2019-05-18 11:36:11.487","file":"model/init.go:32","msg":"Database connection failed. Database name: db_apiserver","data":{"error":"dial tcp 127.0.0.1:3306: connect: connection refused"}}
{"level":"INFO","timestamp":"2019-05-18 11:36:11.487","file":"apiserver/main.go:69","msg":"Start to listening the incoming requests on http address: :8080"}
{"level":"INFO","timestamp":"2019-05-18 11:36:11.488","file":"apiserver/main.go:66","msg":"The router has been deployed successfully."}
{"level":"ERROR","timestamp":"2019-05-18 11:38:34.504","file":"model/init.go:32","msg":"Database connection failed. Database name: db_apiserver","data":{"error":"dial tcp 127.0.0.1:3306: connect: connection refused"}}
{"level":"ERROR","timestamp":"2019-05-18 11:38:34.504","file":"model/init.go:32","msg":"Database connection failed. Database name: db_apiserver","data":{"error":"dial tcp 127.0.0.1:3306: connect: connection refused"}}
{"level":"INFO","timestamp":"2019-05-18 11:38:34.504","file":"apiserver/main.go:69","msg":"Start to listening the incoming requests on http address: :80"}
{"level":"INFO","timestamp":"2019-05-18 11:38:34.504","file":"apiserver/main.go:70","msg":"listen tcp :80: bind: address already in use"}
{"level":"ERROR","timestamp":"2019-05-18 11:40:47.747","file":"model/init.go:32","msg":"Database connection failed. Database name: db_apiserver","data":{"error":"dial tcp 127.0.0.1:3306: connect: connection refused"}}
{"level":"ERROR","timestamp":"2019-05-18 11:40:47.747","file":"model/init.go:32","msg":"Database connection failed. Database name: db_apiserver","data":{"error":"dial tcp 127.0.0.1:3306: connect: connection refused"}}
{"level":"INFO","timestamp":"2019-05-18 11:40:47.747","file":"apiserver/main.go:69","msg":"Start to listening the incoming requests on http address: :80"}
{"level":"INFO","timestamp":"2019-05-18 11:40:47.748","file":"apiserver/main.go:66","msg":"The router has been deployed successfully."}
{"level":"INFO","timestamp":"2019-05-18 15:47:21.100","file":"apiserver/main.go:69","msg":"Start to listening the incoming requests on http address: :80"}
{"level":"INFO","timestamp":"2019-05-18 15:47:21.101","file":"apiserver/main.go:83","msg":"Waiting for the router, retry in 1 second."}
{"level":"INFO","timestamp":"2019-05-18 15:47:22.107","file":"apiserver/main.go:66","msg":"The router has been deployed successfully."}
{"level":"INFO","timestamp":"2019-05-18 16:04:12.239","file":"apiserver/main.go:69","msg":"Start to listening the incoming requests on http address: :80"}
{"level":"INFO","timestamp":"2019-05-18 16:04:12.241","file":"apiserver/main.go:66","msg":"The router has been deployed successfully."}
{"level":"INFO","timestamp":"2019-05-18 16:04:24.394","file":"wechat/get.go:38","msg":"WeChat ProcSignature Param : timestamp=,nonce=,signature=,echostr=,signatureGen=a01b6d00ef7caa0c16f4b0eede1e352d1d605039"}
{"level":"INFO","timestamp":"2019-05-18 16:04:38.728","file":"wechat/get.go:38","msg":"WeChat ProcSignature Param : timestamp=123,nonce=,signature=,echostr=,signatureGen=2243671828a60e7acbad37618a2d180e9cb03b7c"}
{"level":"INFO","timestamp":"2019-05-18 16:07:24.547","file":"wechat/get.go:38","msg":"WeChat ProcSignature Param : timestamp=1558166761,nonce=1224019201,signature=d6626766e0c488bdfe64e3fbcce6cd2007fc318b,echostr=,signatureGen=d6626766e0c488bdfe64e3fbcce6cd2007fc318b"}
{"level":"INFO","timestamp":"2019-05-18 16:08:07.681","file":"wechat/get.go:38","msg":"WeChat ProcSignature Param : timestamp=1558166761,nonce=1224019201,signature=d6626766e0c488bdfe64e3fbcce6cd2007fc318b,echostr=4528506595285400829,signatureGen=d6626766e0c488bdfe64e3fbcce6cd2007fc318b"}
{"level":"INFO","timestamp":"2019-05-18 16:14:37.187","file":"apiserver/main.go:69","msg":"Start to listening the incoming requests on http address: :80"}
{"level":"INFO","timestamp":"2019-05-18 16:14:37.188","file":"apiserver/main.go:66","msg":"The router has been deployed successfully."}
{"level":"INFO","timestamp":"2019-05-18 16:14:42.863","file":"wechat/get.go:38","msg":"WeChat ProcSignature Param : timestamp=1558166761,nonce=1224019201,signature=d6626766e0c488bdfe64e3fbcce6cd2007fc318b,echostr=4528506595285400829,signatureGen=d6626766e0c488bdfe64e3fbcce6cd2007fc318b"}
{"level":"INFO","timestamp":"2019-05-18 16:14:46.710","file":"wechat/get.go:38","msg":"WeChat ProcSignature Param : timestamp=1558166761,nonce=1224019201,signature=d6626766e0c488bdfe64e3fbcce6cd2007fc318b,echostr=,signatureGen=d6626766e0c488bdfe64e3fbcce6cd2007fc318b"}
{"level":"INFO","timestamp":"2019-05-18 16:14:47.810","file":"wechat/get.go:38","msg":"WeChat ProcSignature Param : timestamp=123,nonce=,signature=,echostr=,signatureGen=2243671828a60e7acbad37618a2d180e9cb03b7c"}
{"level":"INFO","timestamp":"2019-05-18 16:14:48.750","file":"wechat/get.go:38","msg":"WeChat ProcSignature Param : timestamp=1558166761,nonce=1224019201,signature=d6626766e0c488bdfe64e3fbcce6cd2007fc318b,echostr=,signatureGen=d6626766e0c488bdfe64e3fbcce6cd2007fc318b"}
{"level":"INFO","timestamp":"2019-05-18 16:14:49.177","file":"wechat/get.go:38","msg":"WeChat ProcSignature Param : timestamp=1558166761,nonce=1224019201,signature=d6626766e0c488bdfe64e3fbcce6cd2007fc318b,echostr=4528506595285400829,signatureGen=d6626766e0c488bdfe64e3fbcce6cd2007fc318b"}
{"level":"INFO","timestamp":"2019-05-18 16:17:03.095","file":"apiserver/main.go:69","msg":"Start to listening the incoming requests on http address: :80"}
{"level":"INFO","timestamp":"2019-05-18 16:17:03.097","file":"apiserver/main.go:66","msg":"The router has been deployed successfully."}
{"level":"INFO","timestamp":"2019-05-18 16:17:08.908","file":"wechat/get.go:38","msg":"WeChat ProcSignature Param : timestamp=1558166761,nonce=1224019201,signature=d6626766e0c488bdfe64e3fbcce6cd2007fc318b,echostr=4528506595285400829,signatureGen=d6626766e0c488bdfe64e3fbcce6cd2007fc318b"}
{"level":"INFO","timestamp":"2019-05-18 16:26:32.022","file":"apiserver/main.go:69","msg":"Start to listening the incoming requests on http address: :80"}
{"level":"INFO","timestamp":"2019-05-18 16:26:32.023","file":"apiserver/main.go:66","msg":"The router has been deployed successfully."}
{"level":"INFO","timestamp":"2019-05-18 16:26:37.086","file":"wechat/get.go:38","msg":"WeChat ProcSignature Param : timestamp=1558166761,nonce=1224019201,signature=d6626766e0c488bdfe64e3fbcce6cd2007fc318b,echostr=4528506595285400829,signatureGen=d6626766e0c488bdfe64e3fbcce6cd2007fc318b"}
{"level":"INFO","timestamp":"2019-05-18 16:35:22.488","file":"apiserver/main.go:69","msg":"Start to listening the incoming requests on http address: :80"}
{"level":"INFO","timestamp":"2019-05-18 16:35:22.491","file":"apiserver/main.go:66","msg":"The router has been deployed successfully."}
{"level":"INFO","timestamp":"2019-05-18 16:35:32.153","file":"wechat/get.go:32","msg":"---body/--- \r\n "}
{"level":"INFO","timestamp":"2019-05-18 16:35:32.153","file":"wechat/get.go:41","msg":"WeChat ProcSignature Param : timestamp=1558166761,nonce=1224019201,signature=d6626766e0c488bdfe64e3fbcce6cd2007fc318b,echostr=4528506595285400829,signatureGen=d6626766e0c488bdfe64e3fbcce6cd2007fc318b"}
{"level":"INFO","timestamp":"2019-05-18 16:37:15.428","file":"wechat/get.go:32","msg":"---body/--- \r\n "}
{"level":"INFO","timestamp":"2019-05-18 16:37:15.428","file":"wechat/get.go:41","msg":"WeChat ProcSignature Param : timestamp=1558166761,nonce=1224019201,signature=d6626766e0c488bdfe64e3fbcce6cd2007fc318b,echostr=4528506595285400829,signatureGen=d6626766e0c488bdfe64e3fbcce6cd2007fc318b"}
{"level":"INFO","timestamp":"2019-05-18 17:00:28.850","file":"apiserver/main.go:69","msg":"Start to listening the incoming requests on http address: :80"}
{"level":"INFO","timestamp":"2019-05-18 17:00:28.851","file":"apiserver/main.go:66","msg":"The router has been deployed successfully."}
{"level":"INFO","timestamp":"2019-05-18 17:12:58.820","file":"apiserver/main.go:69","msg":"Start to listening the incoming requests on http address: :80"}
{"level":"INFO","timestamp":"2019-05-18 17:12:58.821","file":"apiserver/main.go:66","msg":"The router has been deployed successfully."}
{"level":"INFO","timestamp":"2019-05-18 17:13:03.682","file":"wechat/get.go:53","msg":"timestamp=1558166761\u0026nonce=1224019201\u0026signature=d6626766e0c488bdfe64e3fbcce6cd2007fc318b\u0026echostr=4528506595285400829"}
{"level":"INFO","timestamp":"2019-05-18 17:13:03.682","file":"wechat/get.go:56","msg":"---body/--- \r\n "}
{"level":"INFO","timestamp":"2019-05-18 17:16:23.395","file":"wechat/get.go:53","msg":"timestamp=1558166761\u0026nonce=1224019201\u0026signature=d6626766e0c488bdfe64e3fbcce6cd2007fc318b\u0026echostr=4528506595285400829"}
{"level":"INFO","timestamp":"2019-05-18 17:16:23.395","file":"wechat/get.go:56","msg":"---body/--- \r\n "}
{"level":"INFO","timestamp":"2019-05-18 17:33:29.964","file":"apiserver/main.go:69","msg":"Start to listening the incoming requests on http address: :80"}
{"level":"INFO","timestamp":"2019-05-18 17:33:29.965","file":"apiserver/main.go:66","msg":"The router has been deployed successfully."}
{"level":"INFO","timestamp":"2019-05-18 17:33:49.790","file":"wechat/get.go:74","msg":"timestamp=1558166761\u0026nonce=1224019201\u0026signature=d6626766e0c488bdfe64e3fbcce6cd2007fc318b\u0026echostr=4528506595285400829"}
{"level":"INFO","timestamp":"2019-05-18 17:40:34.305","file":"apiserver/main.go:69","msg":"Start to listening the incoming requests on http address: :80"}
{"level":"INFO","timestamp":"2019-05-18 17:40:34.311","file":"apiserver/main.go:66","msg":"The router has been deployed successfully."}
{"level":"INFO","timestamp":"2019-05-18 17:40:46.362","file":"wechat/get.go:77","msg":"timestamp=1558166761\u0026nonce=1224019201\u0026signature=d6626766e0c488bdfe64e3fbcce6cd2007fc318b\u0026echostr=4528506595285400829"}
{"level":"INFO","timestamp":"2019-05-18 17:54:09.735","file":"apiserver/main.go:69","msg":"Start to listening the incoming requests on http address: :80"}
{"level":"INFO","timestamp":"2019-05-18 17:54:09.736","file":"apiserver/main.go:66","msg":"The router has been deployed successfully."}
{"level":"INFO","timestamp":"2019-05-18 17:54:23.198","file":"wechat/get.go:79","msg":""}
{"level":"INFO","timestamp":"2019-05-18 17:54:46.051","file":"wechat/get.go:79","msg":""}
{"level":"INFO","timestamp":"2019-05-18 17:54:59.296","file":"apiserver/main.go:69","msg":"Start to listening the incoming requests on http address: :80"}
{"level":"INFO","timestamp":"2019-05-18 17:54:59.300","file":"apiserver/main.go:66","msg":"The router has been deployed successfully."}
{"level":"INFO","timestamp":"2019-05-18 17:54:59.391","file":"wechat/get.go:79","msg":""}
{"level":"INFO","timestamp":"2019-05-18 17:55:50.069","file":"apiserver/main.go:69","msg":"Start to listening the incoming requests on http address: :80"}
{"level":"INFO","timestamp":"2019-05-18 17:55:50.070","file":"apiserver/main.go:66","msg":"The router has been deployed successfully."}
{"level":"INFO","timestamp":"2019-05-18 17:55:51.666","file":"wechat/get.go:79","msg":"tttttttt"}
{"level":"INFO","timestamp":"2019-05-18 17:59:14.326","file":"apiserver/main.go:69","msg":"Start to listening the incoming requests on http address: :80"}
{"level":"INFO","timestamp":"2019-05-18 17:59:14.327","file":"apiserver/main.go:66","msg":"The router has been deployed successfully."}
{"level":"INFO","timestamp":"2019-05-18 18:00:56.866","file":"apiserver/main.go:69","msg":"Start to listening the incoming requests on http address: :80"}
{"level":"INFO","timestamp":"2019-05-18 18:00:56.868","file":"apiserver/main.go:83","msg":"Waiting for the router, retry in 1 second."}
{"level":"INFO","timestamp":"2019-05-18 18:00:57.869","file":"apiserver/main.go:66","msg":"The router has been deployed successfully."}
{"level":"INFO","timestamp":"2019-05-18 18:06:56.424","file":"apiserver/main.go:69","msg":"Start to listening the incoming requests on http address: :80"}
{"level":"INFO","timestamp":"2019-05-18 18:06:57.427","file":"apiserver/main.go:66","msg":"The router has been deployed successfully."}
{"level":"INFO","timestamp":"2019-05-18 18:09:20.689","file":"wechat/get.go:78","msg":"\u003cxml\u003e\u003cToUserName\u003e\u003c![CDATA[toUser]]\u003e\u003c/ToUserName\u003e\u003cFromUserName\u003e\u003c![CDATA[fromUser]]\u003e\u003c/FromUserName\u003e\u003cCreateTime\u003e12345678\u003c/CreateTime\u003e\u003cMsgType\u003e\u003c![CDATA[text]]\u003e\u003c/MsgType\u003e\u003cContent\u003e\u003c![CDATA[你好]]\u003e\u003c/Content\u003e\u003c/xml\u003e"}
{"level":"INFO","timestamp":"2019-05-18 18:12:28.727","file":"apiserver/main.go:69","msg":"Start to listening the incoming requests on http address: :80"}
{"level":"INFO","timestamp":"2019-05-18 18:12:28.731","file":"apiserver/main.go:66","msg":"The router has been deployed successfully."}
{"level":"INFO","timestamp":"2019-05-18 18:12:40.223","file":"wechat/get.go:79","msg":"\u003cxml\u003e\u003cToUserName\u003e\u003c![CDATA[toUser]]\u003e\u003c/ToUserName\u003e\u003cFromUserName\u003e\u003c![CDATA[fromUser]]\u003e\u003c/FromUserName\u003e\u003cCreateTime\u003e12345678\u003c/CreateTime\u003e\u003cMsgType\u003e\u003c![CDATA[text]]\u003e\u003c/MsgType\u003e\u003cContent\u003e\u003c![CDATA[start]]\u003e\u003c/Content\u003e\u003c/xml\u003e"}
